<?xml version="1.0" encoding="UTF-8"?>
<!-- Generated by org.testng.reporters.JUnitXMLReporter -->
<testsuite ignored="0" hostname="IN-D79K1N3" failures="0" tests="5" name="Default test" time="322.933" errors="0" timestamp="2023-01-10T12:33:47 IST">
  <testcase classname="com.flipkart.testCases.AboutUsPage" name="ValidateContactUs" time="6.967"/>
  <testcase classname="com.flipkart.testCases.AboutUsPage" name="ValidateAboutUs" time="3.407"/>
  <testcase classname="com.flipkart.testCases.AboutUsPage" name="ValidateCarrers" time="13.265"/>
  <testcase classname="com.flipkart.testCases.AboutUsPage" name="ValidateFlipkartStories" time="40.086"/>
  <testcase classname="com.flipkart.testCases.AboutUsPage" name="ValidateCorporateInformation" time="1.208"/>
</testsuite> <!-- Default test -->
