<?xml version="1.0" encoding="UTF-8"?>
<testsuite xmlns:xsi="http://www.w3.org/2001/XMLSchema-instance" xsi:noNamespaceSchemaLocation="https://maven.apache.org/surefire/maven-surefire-plugin/xsd/surefire-test-report-3.0.xsd" version="3.0" name="TestSuite" time="46.351" tests="14" errors="0" skipped="12" failures="2">
  <properties>
[...]
</properties>
  <testcase name="ValidateContactUs" classname="com.flipkart.testCases.AboutUsPage" time="0.076">
    <failure message="com/flipkart/Pages/LoginAlertDialogBox" type="java.lang.NoClassDefFoundError"><![CDATA[java.lang.NoClassDefFoundError: com/flipkart/Pages/LoginAlertDialogBox
	at com.flipkart.testCases.AboutUsPage.ValidateContactUs(AboutUsPage.java:26)
Caused by: java.lang.ClassNotFoundException: com.flipkart.Pages.LoginAlertDialogBox
	at com.flipkart.testCases.AboutUsPage.ValidateContactUs(AboutUsPage.java:26)
]]></failure>
    <system-out><![CDATA[01-10-2023 14:28:22 BasePage.java INFO  [main] BasePage.BasePage 57 - Opening chrome browser.
01-10-2023 14:28:57 InternalLoggerFactory.java DEBUG [main] logging.InternalLoggerFactory 89 - Using Log4J as the default logging framework
01-10-2023 14:28:57 ResourceLeakDetector.java DEBUG [main] util.ResourceLeakDetector 129 - -Dio.netty.leakDetection.level: simple
01-10-2023 14:28:57 ResourceLeakDetector.java DEBUG [main] util.ResourceLeakDetector 130 - -Dio.netty.leakDetection.targetRecords: 4
01-10-2023 14:28:57 ResourceLeakDetectorFactory.java DEBUG [main] util.ResourceLeakDetectorFactory 196 - Loaded default ResourceLeakDetector: io.netty.util.ResourceLeakDetector@7e11ab3d
01-10-2023 14:28:57 PlatformDependent0.java DEBUG [main] internal.PlatformDependent0 495 - -Dio.netty.noUnsafe: false
01-10-2023 14:28:57 PlatformDependent0.java DEBUG [main] internal.PlatformDependent0 998 - Java version: 11
01-10-2023 14:28:57 PlatformDependent0.java DEBUG [main] internal.PlatformDependent0 136 - sun.misc.Unsafe.theUnsafe: available
01-10-2023 14:28:57 PlatformDependent0.java DEBUG [main] internal.PlatformDependent0 160 - sun.misc.Unsafe.copyMemory: available
01-10-2023 14:28:57 PlatformDependent0.java DEBUG [main] internal.PlatformDependent0 192 - sun.misc.Unsafe.storeFence: available
01-10-2023 14:28:57 PlatformDependent0.java DEBUG [main] internal.PlatformDependent0 235 - java.nio.Buffer.address: available
01-10-2023 14:28:57 PlatformDependent0.java DEBUG [main] internal.PlatformDependent0 319 - direct buffer constructor: unavailable: Reflective setAccessible(true) disabled
01-10-2023 14:28:57 PlatformDependent0.java DEBUG [main] internal.PlatformDependent0 384 - java.nio.Bits.unaligned: available, true
01-10-2023 14:28:57 PlatformDependent0.java DEBUG [main] internal.PlatformDependent0 451 - jdk.internal.misc.Unsafe.allocateUninitializedArray(int): unavailable: class io.netty.util.internal.PlatformDependent0$7 cannot access class jdk.internal.misc.Unsafe (in module java.base) because module java.base does not export jdk.internal.misc to unnamed module @7da10b5b
01-10-2023 14:28:57 PlatformDependent0.java DEBUG [main] internal.PlatformDependent0 481 - java.nio.DirectByteBuffer.<init>(long, int): unavailable
01-10-2023 14:28:57 PlatformDependent.java DEBUG [main] internal.PlatformDependent 1120 - sun.misc.Unsafe: available
01-10-2023 14:28:57 PlatformDependent.java DEBUG [main] internal.PlatformDependent 1231 - maxDirectMemory: 4137680896 bytes (maybe)
01-10-2023 14:28:57 PlatformDependent.java DEBUG [main] internal.PlatformDependent 1250 - -Dio.netty.tmpdir: C:\Users\VIKASH~1\AppData\Local\Temp (java.io.tmpdir)
01-10-2023 14:28:57 PlatformDependent.java DEBUG [main] internal.PlatformDependent 1329 - -Dio.netty.bitMode: 64 (sun.arch.data.model)
01-10-2023 14:28:57 PlatformDependent.java DEBUG [main] internal.PlatformDependent 1080 - Platform: Windows
01-10-2023 14:28:57 PlatformDependent.java DEBUG [main] internal.PlatformDependent 178 - -Dio.netty.maxDirectMemory: -1 bytes
01-10-2023 14:28:57 PlatformDependent.java DEBUG [main] internal.PlatformDependent 185 - -Dio.netty.uninitializedArrayAllocationThreshold: -1
01-10-2023 14:28:57 CleanerJava9.java DEBUG [main] internal.CleanerJava9 71 - java.nio.ByteBuffer.cleaner(): available
01-10-2023 14:28:57 PlatformDependent.java DEBUG [main] internal.PlatformDependent 205 - -Dio.netty.noPreferDirect: false
01-10-2023 14:28:57 PlatformDependent.java DEBUG [main] internal.PlatformDependent 971 - org.jctools-core.MpscChunkedArrayQueue: available
01-10-2023 14:28:57 InternalThreadLocalMap.java DEBUG [main] internal.InternalThreadLocalMap 86 - -Dio.netty.threadLocalMap.stringBuilder.initialSize: 1024
01-10-2023 14:28:57 InternalThreadLocalMap.java DEBUG [main] internal.InternalThreadLocalMap 89 - -Dio.netty.threadLocalMap.stringBuilder.maxSize: 4096
01-10-2023 14:28:57 JdkSslContext.java DEBUG [main] ssl.JdkSslContext 83 - Default protocols (JDK): [TLSv1.3, TLSv1.2, TLSv1.1, TLSv1] 
01-10-2023 14:28:57 JdkSslContext.java DEBUG [main] ssl.JdkSslContext 84 - Default cipher suites (JDK): [TLS_ECDHE_ECDSA_WITH_AES_256_GCM_SHA384, TLS_ECDHE_ECDSA_WITH_AES_128_GCM_SHA256, TLS_ECDHE_RSA_WITH_AES_128_GCM_SHA256, TLS_ECDHE_RSA_WITH_AES_256_GCM_SHA384, TLS_ECDHE_RSA_WITH_AES_128_CBC_SHA, TLS_ECDHE_RSA_WITH_AES_256_CBC_SHA, TLS_RSA_WITH_AES_128_GCM_SHA256, TLS_RSA_WITH_AES_128_CBC_SHA, TLS_RSA_WITH_AES_256_CBC_SHA, TLS_AES_128_GCM_SHA256, TLS_AES_256_GCM_SHA384]
01-10-2023 14:28:57 MultithreadEventLoopGroup.java DEBUG [main] channel.MultithreadEventLoopGroup 44 - -Dio.netty.eventLoopThreads: 16
01-10-2023 14:28:57 NioEventLoop.java DEBUG [main] nio.NioEventLoop 109 - -Dio.netty.noKeySetOptimization: false
01-10-2023 14:28:57 NioEventLoop.java DEBUG [main] nio.NioEventLoop 110 - -Dio.netty.selectorAutoRebuildThreshold: 512
01-10-2023 14:28:57 PooledByteBufAllocator.java DEBUG [main] buffer.PooledByteBufAllocator 157 - -Dio.netty.allocator.numHeapArenas: 16
01-10-2023 14:28:57 PooledByteBufAllocator.java DEBUG [main] buffer.PooledByteBufAllocator 158 - -Dio.netty.allocator.numDirectArenas: 16
01-10-2023 14:28:57 PooledByteBufAllocator.java DEBUG [main] buffer.PooledByteBufAllocator 160 - -Dio.netty.allocator.pageSize: 8192
01-10-2023 14:28:57 PooledByteBufAllocator.java DEBUG [main] buffer.PooledByteBufAllocator 165 - -Dio.netty.allocator.maxOrder: 9
01-10-2023 14:28:57 PooledByteBufAllocator.java DEBUG [main] buffer.PooledByteBufAllocator 169 - -Dio.netty.allocator.chunkSize: 4194304
01-10-2023 14:28:57 PooledByteBufAllocator.java DEBUG [main] buffer.PooledByteBufAllocator 170 - -Dio.netty.allocator.smallCacheSize: 256
01-10-2023 14:28:57 PooledByteBufAllocator.java DEBUG [main] buffer.PooledByteBufAllocator 171 - -Dio.netty.allocator.normalCacheSize: 64
01-10-2023 14:28:57 PooledByteBufAllocator.java DEBUG [main] buffer.PooledByteBufAllocator 172 - -Dio.netty.allocator.maxCachedBufferCapacity: 32768
01-10-2023 14:28:57 PooledByteBufAllocator.java DEBUG [main] buffer.PooledByteBufAllocator 173 - -Dio.netty.allocator.cacheTrimInterval: 8192
01-10-2023 14:28:57 PooledByteBufAllocator.java DEBUG [main] buffer.PooledByteBufAllocator 174 - -Dio.netty.allocator.cacheTrimIntervalMillis: 0
01-10-2023 14:28:57 PooledByteBufAllocator.java DEBUG [main] buffer.PooledByteBufAllocator 175 - -Dio.netty.allocator.useCacheForAllThreads: false
01-10-2023 14:28:57 PooledByteBufAllocator.java DEBUG [main] buffer.PooledByteBufAllocator 176 - -Dio.netty.allocator.maxCachedByteBuffersPerChunk: 1023
01-10-2023 14:28:57 ByteBufUtil.java DEBUG [main] buffer.ByteBufUtil 87 - -Dio.netty.allocator.type: pooled
01-10-2023 14:28:57 ByteBufUtil.java DEBUG [main] buffer.ByteBufUtil 96 - -Dio.netty.threadLocalDirectBufferSize: 0
01-10-2023 14:28:57 ByteBufUtil.java DEBUG [main] buffer.ByteBufUtil 99 - -Dio.netty.maxThreadLocalCharBufferSize: 16384
01-10-2023 14:28:58 DefaultChannelId.java DEBUG [Forwarding newSession on session null to remote] channel.DefaultChannelId 79 - -Dio.netty.processId: 23832 (auto-detected)
01-10-2023 14:28:58 NetUtil.java DEBUG [Forwarding newSession on session null to remote] util.NetUtil 136 - -Djava.net.preferIPv4Stack: false
01-10-2023 14:28:58 NetUtil.java DEBUG [Forwarding newSession on session null to remote] util.NetUtil 137 - -Djava.net.preferIPv6Addresses: false
01-10-2023 14:28:58 NetUtilInitializations.java DEBUG [Forwarding newSession on session null to remote] util.NetUtilInitializations 129 - Loopback interface: lo (Software Loopback Interface 1, 127.0.0.1)
01-10-2023 14:28:58 NetUtil.java DEBUG [Forwarding newSession on session null to remote] util.NetUtil 191 - Failed to get SOMAXCONN from sysctl and file \proc\sys\net\core\somaxconn. Default: 200
01-10-2023 14:28:58 DefaultChannelId.java DEBUG [Forwarding newSession on session null to remote] channel.DefaultChannelId 101 - -Dio.netty.machineId: 20:c1:9b:ff:fe:56:b0:0d (auto-detected)
01-10-2023 14:28:58 AbstractByteBuf.java DEBUG [AsyncHttpClient-1-2] buffer.AbstractByteBuf 63 - -Dio.netty.buffer.checkAccessible: true
01-10-2023 14:28:58 AbstractByteBuf.java DEBUG [AsyncHttpClient-1-2] buffer.AbstractByteBuf 64 - -Dio.netty.buffer.checkBounds: true
01-10-2023 14:28:58 ResourceLeakDetectorFactory.java DEBUG [AsyncHttpClient-1-2] util.ResourceLeakDetectorFactory 196 - Loaded default ResourceLeakDetector: io.netty.util.ResourceLeakDetector@3f43dae1
01-10-2023 14:28:58 Recycler.java DEBUG [AsyncHttpClient-1-2] util.Recycler 85 - -Dio.netty.recycler.maxCapacityPerThread: 4096
01-10-2023 14:28:58 Recycler.java DEBUG [AsyncHttpClient-1-2] util.Recycler 86 - -Dio.netty.recycler.ratio: 8
01-10-2023 14:28:58 Recycler.java DEBUG [AsyncHttpClient-1-2] util.Recycler 87 - -Dio.netty.recycler.chunkSize: 32
01-10-2023 14:28:58 Recycler.java DEBUG [AsyncHttpClient-1-2] util.Recycler 88 - -Dio.netty.recycler.blocking: false
01-10-2023 14:28:59 Brotli.java DEBUG [AsyncHttpClient-1-2] compression.Brotli 38 - brotli4j not in the classpath; Brotli support will be unavailable.
01-10-2023 14:28:59 ThreadLocalRandom.java DEBUG [main] internal.ThreadLocalRandom 214 - -Dio.netty.initialSeedUniquifier: 0x7f99beb2156d91ee
01-10-2023 14:28:59 BasePage.java INFO  [main] BasePage.BasePage 87 - Geting url to open
01-10-2023 14:29:06 BasePage.java INFO  [main] BasePage.BasePage 90 - Getting Test method name Test scenario
]]></system-out>
    <system-err><![CDATA[SLF4J: Failed to load class "org.slf4j.impl.StaticLoggerBinder".
SLF4J: Defaulting to no-operation (NOP) logger implementation
SLF4J: See http://www.slf4j.org/codes.html#StaticLoggerBinder for further details.
Starting ChromeDriver 108.0.5359.71 (1e0e3868ee06e91ad636a874420e3ca3ae3756ac-refs/branch-heads/5359@{#1016}) on port 49167
Only local connections are allowed.
Please see https://chromedriver.chromium.org/security-considerations for suggestions on keeping ChromeDriver safe.
ChromeDriver was started successfully.
Jan 10, 2023 2:28:59 PM org.openqa.selenium.remote.ProtocolHandshake createSession
INFO: Detected upstream dialect: W3C
Jan 10, 2023 2:28:59 PM org.openqa.selenium.devtools.CdpVersionFinder findNearestMatch
WARNING: Unable to find an exact match for CDP version 108, so returning the closest version found: 104
Jan 10, 2023 2:28:59 PM org.openqa.selenium.devtools.CdpVersionFinder findNearestMatch
INFO: Found CDP implementation for version 108 of 104
Jan 10, 2023 2:28:59 PM com.relevantcodes.extentreports.ExtentReports loadConfig
WARNING: Unable to perform report configuration. The file C:\Users\vikashsharma03\eclipse-workspace\Exit_Test_Assignment\reportConfig.xml was not found.
]]></system-err>
  </testcase>
  <testcase name="tearDown[[TestResult name=ValidateContactUs status=FAILURE method=AboutUsPage.ValidateContactUs()[pri:1, instance:com.flipkart.testCases.AboutUsPage@c05fddc] output={null}]](0)" classname="com.flipkart.testCases.AboutUsPage" time="0.112">
    <failure message="no such window: target window already closed&#10;from unknown error: web view not found&#10;  (Session info: chrome=108.0.5359.125)&#10;Build info: version: &apos;4.4.0&apos;, revision: &apos;e5c75ed026a&apos;&#10;System info: host: &apos;IN-D79K1N3&apos;, ip: &apos;192.168.111.143&apos;, os.name: &apos;Windows 10&apos;, os.arch: &apos;amd64&apos;, os.version: &apos;10.0&apos;, java.version: &apos;11.0.1&apos;&#10;Driver info: org.openqa.selenium.chrome.ChromeDriver&#10;Command: [56b41b99e23292e6cb1d5105d931e603, screenshot {}]&#10;Capabilities {acceptInsecureCerts: false, browserName: chrome, browserVersion: 108.0.5359.125, chrome: {chromedriverVersion: 108.0.5359.71 (1e0e3868ee06..., userDataDir: C:\Users\VIKASH~1\AppData\L...}, goog:chromeOptions: {debuggerAddress: localhost:57504}, networkConnectionEnabled: false, pageLoadStrategy: normal, platformName: WINDOWS, proxy: Proxy(), se:cdp: ws://localhost:57504/devtoo..., se:cdpVersion: 108.0.5359.125, setWindowRect: true, strictFileInteractability: false, timeouts: {implicit: 0, pageLoad: 300000, script: 30000}, unhandledPromptBehavior: dismiss and notify, webauthn:extension:credBlob: true, webauthn:extension:largeBlob: true, webauthn:virtualAuthenticators: true}&#10;Session ID: 56b41b99e23292e6cb1d5105d931e603" type="org.openqa.selenium.NoSuchWindowException"><![CDATA[org.openqa.selenium.NoSuchWindowException: 
no such window: target window already closed
from unknown error: web view not found
  (Session info: chrome=108.0.5359.125)
Build info: version: '4.4.0', revision: 'e5c75ed026a'
System info: host: 'IN-D79K1N3', ip: '192.168.111.143', os.name: 'Windows 10', os.arch: 'amd64', os.version: '10.0', java.version: '11.0.1'
Driver info: org.openqa.selenium.chrome.ChromeDriver
Command: [56b41b99e23292e6cb1d5105d931e603, screenshot {}]
Capabilities {acceptInsecureCerts: false, browserName: chrome, browserVersion: 108.0.5359.125, chrome: {chromedriverVersion: 108.0.5359.71 (1e0e3868ee06..., userDataDir: C:\Users\VIKASH~1\AppData\L...}, goog:chromeOptions: {debuggerAddress: localhost:57504}, networkConnectionEnabled: false, pageLoadStrategy: normal, platformName: WINDOWS, proxy: Proxy(), se:cdp: ws://localhost:57504/devtoo..., se:cdpVersion: 108.0.5359.125, setWindowRect: true, strictFileInteractability: false, timeouts: {implicit: 0, pageLoad: 300000, script: 30000}, unhandledPromptBehavior: dismiss and notify, webauthn:extension:credBlob: true, webauthn:extension:largeBlob: true, webauthn:virtualAuthenticators: true}
Session ID: 56b41b99e23292e6cb1d5105d931e603
]]></failure>
    <system-out><![CDATA[01-10-2023 14:29:06 BasePage.java INFO  [main] BasePage.BasePage 108 - Taking screen shot of failed test cases
]]></system-out>
  </testcase>
  <testcase name="setup" classname="com.flipkart.testCases.AboutUsPage" time="0">
    <skipped/>
  </testcase>
  <testcase name="setup" classname="com.flipkart.testCases.AboutUsPage" time="0">
    <skipped/>
  </testcase>
  <testcase name="setup" classname="com.flipkart.testCases.AboutUsPage" time="0">
    <skipped/>
  </testcase>
  <testcase name="setup" classname="com.flipkart.testCases.AboutUsPage" time="0">
    <skipped/>
  </testcase>
  <testcase name="ValidateAboutUs" classname="com.flipkart.testCases.AboutUsPage" time="0">
    <skipped message="no such window: target window already closed&#10;from unknown error: web view not found&#10;  (Session info: chrome=108.0.5359.125)&#10;Build info: version: &apos;4.4.0&apos;, revision: &apos;e5c75ed026a&apos;&#10;System info: host: &apos;IN-D79K1N3&apos;, ip: &apos;192.168.111.143&apos;, os.name: &apos;Windows 10&apos;, os.arch: &apos;amd64&apos;, os.version: &apos;10.0&apos;, java.version: &apos;11.0.1&apos;&#10;Driver info: org.openqa.selenium.chrome.ChromeDriver&#10;Command: [56b41b99e23292e6cb1d5105d931e603, screenshot {}]&#10;Capabilities {acceptInsecureCerts: false, browserName: chrome, browserVersion: 108.0.5359.125, chrome: {chromedriverVersion: 108.0.5359.71 (1e0e3868ee06..., userDataDir: C:\Users\VIKASH~1\AppData\L...}, goog:chromeOptions: {debuggerAddress: localhost:57504}, networkConnectionEnabled: false, pageLoadStrategy: normal, platformName: WINDOWS, proxy: Proxy(), se:cdp: ws://localhost:57504/devtoo..., se:cdpVersion: 108.0.5359.125, setWindowRect: true, strictFileInteractability: false, timeouts: {implicit: 0, pageLoad: 300000, script: 30000}, unhandledPromptBehavior: dismiss and notify, webauthn:extension:credBlob: true, webauthn:extension:largeBlob: true, webauthn:virtualAuthenticators: true}&#10;Session ID: 56b41b99e23292e6cb1d5105d931e603"/>
  </testcase>
  <testcase name="tearDown" classname="com.flipkart.testCases.AboutUsPage" time="0">
    <skipped/>
  </testcase>
  <testcase name="tearDown" classname="com.flipkart.testCases.AboutUsPage" time="0">
    <skipped/>
  </testcase>
  <testcase name="tearDown" classname="com.flipkart.testCases.AboutUsPage" time="0">
    <skipped/>
  </testcase>
  <testcase name="tearDown" classname="com.flipkart.testCases.AboutUsPage" time="0">
    <skipped/>
  </testcase>
  <testcase name="ValidateCarrers[vikashsharma9967@gmail.com, 8084815764, Login](1)" classname="com.flipkart.testCases.AboutUsPage" time="0">
    <skipped message="no such window: target window already closed&#10;from unknown error: web view not found&#10;  (Session info: chrome=108.0.5359.125)&#10;Build info: version: &apos;4.4.0&apos;, revision: &apos;e5c75ed026a&apos;&#10;System info: host: &apos;IN-D79K1N3&apos;, ip: &apos;192.168.111.143&apos;, os.name: &apos;Windows 10&apos;, os.arch: &apos;amd64&apos;, os.version: &apos;10.0&apos;, java.version: &apos;11.0.1&apos;&#10;Driver info: org.openqa.selenium.chrome.ChromeDriver&#10;Command: [56b41b99e23292e6cb1d5105d931e603, screenshot {}]&#10;Capabilities {acceptInsecureCerts: false, browserName: chrome, browserVersion: 108.0.5359.125, chrome: {chromedriverVersion: 108.0.5359.71 (1e0e3868ee06..., userDataDir: C:\Users\VIKASH~1\AppData\L...}, goog:chromeOptions: {debuggerAddress: localhost:57504}, networkConnectionEnabled: false, pageLoadStrategy: normal, platformName: WINDOWS, proxy: Proxy(), se:cdp: ws://localhost:57504/devtoo..., se:cdpVersion: 108.0.5359.125, setWindowRect: true, strictFileInteractability: false, timeouts: {implicit: 0, pageLoad: 300000, script: 30000}, unhandledPromptBehavior: dismiss and notify, webauthn:extension:credBlob: true, webauthn:extension:largeBlob: true, webauthn:virtualAuthenticators: true}&#10;Session ID: 56b41b99e23292e6cb1d5105d931e603"/>
  </testcase>
  <testcase name="ValidateFlipkartStories[Flipkart Stories - Looking for a Flipkart story? Read latest news updates](1)" classname="com.flipkart.testCases.AboutUsPage" time="0">
    <skipped message="no such window: target window already closed&#10;from unknown error: web view not found&#10;  (Session info: chrome=108.0.5359.125)&#10;Build info: version: &apos;4.4.0&apos;, revision: &apos;e5c75ed026a&apos;&#10;System info: host: &apos;IN-D79K1N3&apos;, ip: &apos;192.168.111.143&apos;, os.name: &apos;Windows 10&apos;, os.arch: &apos;amd64&apos;, os.version: &apos;10.0&apos;, java.version: &apos;11.0.1&apos;&#10;Driver info: org.openqa.selenium.chrome.ChromeDriver&#10;Command: [56b41b99e23292e6cb1d5105d931e603, screenshot {}]&#10;Capabilities {acceptInsecureCerts: false, browserName: chrome, browserVersion: 108.0.5359.125, chrome: {chromedriverVersion: 108.0.5359.71 (1e0e3868ee06..., userDataDir: C:\Users\VIKASH~1\AppData\L...}, goog:chromeOptions: {debuggerAddress: localhost:57504}, networkConnectionEnabled: false, pageLoadStrategy: normal, platformName: WINDOWS, proxy: Proxy(), se:cdp: ws://localhost:57504/devtoo..., se:cdpVersion: 108.0.5359.125, setWindowRect: true, strictFileInteractability: false, timeouts: {implicit: 0, pageLoad: 300000, script: 30000}, unhandledPromptBehavior: dismiss and notify, webauthn:extension:credBlob: true, webauthn:extension:largeBlob: true, webauthn:virtualAuthenticators: true}&#10;Session ID: 56b41b99e23292e6cb1d5105d931e603"/>
  </testcase>
  <testcase name="ValidateCorporateInformation[Online Shopping India | Buy Mobiles, Electronics, Appliances, Clothing and More Online at Flipkart.com](1)" classname="com.flipkart.testCases.AboutUsPage" time="0">
    <skipped message="no such window: target window already closed&#10;from unknown error: web view not found&#10;  (Session info: chrome=108.0.5359.125)&#10;Build info: version: &apos;4.4.0&apos;, revision: &apos;e5c75ed026a&apos;&#10;System info: host: &apos;IN-D79K1N3&apos;, ip: &apos;192.168.111.143&apos;, os.name: &apos;Windows 10&apos;, os.arch: &apos;amd64&apos;, os.version: &apos;10.0&apos;, java.version: &apos;11.0.1&apos;&#10;Driver info: org.openqa.selenium.chrome.ChromeDriver&#10;Command: [56b41b99e23292e6cb1d5105d931e603, screenshot {}]&#10;Capabilities {acceptInsecureCerts: false, browserName: chrome, browserVersion: 108.0.5359.125, chrome: {chromedriverVersion: 108.0.5359.71 (1e0e3868ee06..., userDataDir: C:\Users\VIKASH~1\AppData\L...}, goog:chromeOptions: {debuggerAddress: localhost:57504}, networkConnectionEnabled: false, pageLoadStrategy: normal, platformName: WINDOWS, proxy: Proxy(), se:cdp: ws://localhost:57504/devtoo..., se:cdpVersion: 108.0.5359.125, setWindowRect: true, strictFileInteractability: false, timeouts: {implicit: 0, pageLoad: 300000, script: 30000}, unhandledPromptBehavior: dismiss and notify, webauthn:extension:credBlob: true, webauthn:extension:largeBlob: true, webauthn:virtualAuthenticators: true}&#10;Session ID: 56b41b99e23292e6cb1d5105d931e603"/>
  </testcase>
</testsuite>